160612 16:50:54 [Note] Plugin 'FEDERATED' is disabled.
160612 16:50:54 InnoDB: The InnoDB memory heap is disabled
160612 16:50:54 InnoDB: Mutexes and rw_locks use Windows interlocked functions
160612 16:50:54 InnoDB: Compressed tables use zlib 1.2.3
160612 16:50:54 InnoDB: Initializing buffer pool, size = 16.0M
160612 16:50:54 InnoDB: Completed initialization of buffer pool
InnoDB: The first specified data file C:\Users\Lenovo\Desktop\datamanager\core\mysql\data\ibdata1 did not exist:
InnoDB: a new database to be created!
160612 16:50:54  InnoDB: Setting file C:\Users\Lenovo\Desktop\datamanager\core\mysql\data\ibdata1 size to 10 MB
InnoDB: Database physically writes the file full: wait...
160612 16:50:54  InnoDB: Log file C:\Users\Lenovo\Desktop\datamanager\core\mysql\data\ib_logfile0 did not exist: new to be created
InnoDB: Setting log file C:\Users\Lenovo\Desktop\datamanager\core\mysql\data\ib_logfile0 size to 5 MB
InnoDB: Database physically writes the file full: wait...
160612 16:50:54  InnoDB: Log file C:\Users\Lenovo\Desktop\datamanager\core\mysql\data\ib_logfile1 did not exist: new to be created
InnoDB: Setting log file C:\Users\Lenovo\Desktop\datamanager\core\mysql\data\ib_logfile1 size to 5 MB
InnoDB: Database physically writes the file full: wait...
InnoDB: Doublewrite buffer not found: creating new
InnoDB: Doublewrite buffer created
InnoDB: 127 rollback segment(s) active.
InnoDB: Creating foreign key constraint system tables
InnoDB: Foreign key constraint system tables created
160612 16:50:55  InnoDB: Waiting for the background threads to start
160612 16:50:56 InnoDB: 5.5.46 started; log sequence number 0
160612 16:50:56 [Note] Server hostname (bind-address): '127.0.0.1'; port: 3306
160612 16:50:56 [Note]   - '127.0.0.1' resolves to '127.0.0.1';
160612 16:50:56 [Note] Server socket created on IP: '127.0.0.1'.
160612 16:50:56 [Note] Event Scheduler: Loaded 0 events
160612 16:50:56 [Note] C:\Users\Lenovo\Desktop\datamanager\core\mysql\bin\mysqld_z.exe: ready for connections.
Version: '5.5.46'  socket: ''  port: 3306  MySQL Community Server (GPL)
